<?xml version="1.0" encoding="UTF-8"?>
<testng-results ignored="0" total="2" passed="2" failed="0" skipped="0">
  <reporter-output>
  </reporter-output>
  <suite started-at="2021-02-26T17:38:43Z" name="Suite" finished-at="2021-02-26T17:38:48Z" duration-ms="5124">
    <groups>
    </groups>
    <test started-at="2021-02-26T17:38:43Z" name="Create Order Test" finished-at="2021-02-26T17:38:47Z" duration-ms="3811">
      <class name="com.w2a.APITestingFramework.testcases.paypal.CreateOrderTest">
        <test-method signature="createOrder()[pri:0, instance:com.w2a.APITestingFramework.testcases.paypal.CreateOrderTest@22b53226]" started-at="2021-02-26T17:38:43Z" name="createOrder" finished-at="2021-02-26T17:38:47Z" duration-ms="3790" status="PASS">
          <reporter-output>
          </reporter-output>
        </test-method> <!-- createOrder -->
      </class> <!-- com.w2a.APITestingFramework.testcases.paypal.CreateOrderTest -->
    </test> <!-- Create Order Test -->
    <test started-at="2021-02-26T17:38:47Z" name="Get Order Test" finished-at="2021-02-26T17:38:48Z" duration-ms="1004">
      <class name="com.w2a.APITestingFramework.testcases.paypal.GetOrderTest">
        <test-method is-config="true" signature="setUp()[pri:0, instance:com.w2a.APITestingFramework.testcases.paypal.GetOrderTest@40f1be1b]" started-at="2021-02-26T17:38:42Z" name="setUp" finished-at="2021-02-26T17:38:43Z" duration-ms="356" status="PASS">
          <reporter-output>
          </reporter-output>
        </test-method> <!-- setUp -->
        <test-method signature="getOrder()[pri:0, instance:com.w2a.APITestingFramework.testcases.paypal.GetOrderTest@40f1be1b]" started-at="2021-02-26T17:38:47Z" name="getOrder" finished-at="2021-02-26T17:38:48Z" duration-ms="1000" status="PASS">
          <reporter-output>
          </reporter-output>
        </test-method> <!-- getOrder -->
        <test-method is-config="true" signature="tearDown()[pri:0, instance:com.w2a.APITestingFramework.testcases.paypal.GetOrderTest@40f1be1b]" started-at="2021-02-26T17:38:48Z" name="tearDown" finished-at="2021-02-26T17:38:48Z" duration-ms="0" status="PASS">
          <reporter-output>
          </reporter-output>
        </test-method> <!-- tearDown -->
      </class> <!-- com.w2a.APITestingFramework.testcases.paypal.GetOrderTest -->
    </test> <!-- Get Order Test -->
  </suite> <!-- Suite -->
</testng-results>
